Flow report for DE1_SoC_Audio
Wed Nov 22 23:54:27 2017
Quartus Prime Version 17.1.0 Build 590 10/25/2017 SJ Lite Edition


---------------------
; Table of Contents ;
---------------------
  1. Legal Notice
  2. Flow Summary
  3. Flow Settings
  4. Flow Non-Default Global Settings
  5. Flow Elapsed Time
  6. Flow OS Summary
  7. Flow Log
  8. Flow Messages
  9. Flow Suppressed Messages



----------------
; Legal Notice ;
----------------
Copyright (C) 2017  Intel Corporation. All rights reserved.
Your use of Intel Corporation's design tools, logic functions 
and other software and tools, and its AMPP partner logic 
functions, and any output files from any of the foregoing 
(including device programming or simulation files), and any 
associated documentation or information are expressly subject 
to the terms and conditions of the Intel Program License 
Subscription Agreement, the Intel Quartus Prime License Agreement,
the Intel FPGA IP License Agreement, or other applicable license
agreement, including, without limitation, that your use is for
the sole purpose of programming logic devices manufactured by
Intel and sold by Intel or its authorized distributors.  Please
refer to the applicable agreement for further details.



+-------------------------------------------------------------------------------+
; Flow Summary                                                                  ;
+---------------------------------+---------------------------------------------+
; Flow Status                     ; Successful - Wed Nov 22 23:53:29 2017       ;
; Quartus Prime Version           ; 17.1.0 Build 590 10/25/2017 SJ Lite Edition ;
; Revision Name                   ; DE1_SoC_Audio                               ;
; Top-level Entity Name           ; DE1_SoC_Audio                               ;
; Family                          ; Cyclone V                                   ;
; Device                          ; 5CSEMA5F31C6                                ;
; Timing Models                   ; Final                                       ;
; Logic utilization (in ALMs)     ; 2,667 / 32,070 ( 8 % )                      ;
; Total registers                 ; 4179                                        ;
; Total pins                      ; 241 / 457 ( 53 % )                          ;
; Total virtual pins              ; 0                                           ;
; Total block memory bits         ; 2,642,976 / 4,065,280 ( 65 % )              ;
; Total DSP Blocks                ; 3 / 87 ( 3 % )                              ;
; Total HSSI RX PCSs              ; 0                                           ;
; Total HSSI PMA RX Deserializers ; 0                                           ;
; Total HSSI TX PCSs              ; 0                                           ;
; Total HSSI PMA TX Serializers   ; 0                                           ;
; Total PLLs                      ; 2 / 6 ( 33 % )                              ;
; Total DLLs                      ; 0 / 4 ( 0 % )                               ;
+---------------------------------+---------------------------------------------+


+-----------------------------------------+
; Flow Settings                           ;
+-------------------+---------------------+
; Option            ; Setting             ;
+-------------------+---------------------+
; Start date & time ; 11/22/2017 23:42:40 ;
; Main task         ; Compilation         ;
; Revision Name     ; DE1_SoC_Audio       ;
+-------------------+---------------------+


+-------------------------------------------------------------------------------------------------------------------------------------------------------------+
; Flow Non-Default Global Settings                                                                                                                            ;
+---------------------------------------------------+--------------------------------------------------------------+---------------+-------------+------------+
; Assignment Name                                   ; Value                                                        ; Default Value ; Entity Name ; Section Id ;
+---------------------------------------------------+--------------------------------------------------------------+---------------+-------------+------------+
; COMPILER_SIGNATURE_ID                             ; 10995770589205.151136536010556                               ; --            ; --          ; --         ;
; ECO_REGENERATE_REPORT                             ; On                                                           ; Off           ; --          ; --         ;
; FITTER_EFFORT                                     ; Standard Fit                                                 ; Auto Fit      ; --          ; --         ;
; MAX_CORE_JUNCTION_TEMP                            ; 85                                                           ; --            ; --          ; --         ;
; MIN_CORE_JUNCTION_TEMP                            ; 0                                                            ; --            ; --          ; --         ;
; MISC_FILE                                         ; audio_nios/synthesis/../audio_nios.cmp                       ; --            ; --          ; --         ;
; MISC_FILE                                         ; audio_nios/synthesis/../../audio_nios.qsys                   ; --            ; --          ; --         ;
; MUX_RESTRUCTURE                                   ; Off                                                          ; Auto          ; --          ; --         ;
; OPTIMIZATION_MODE                                 ; Aggressive Performance                                       ; Balanced      ; --          ; --         ;
; OPTIMIZATION_TECHNIQUE                            ; Speed                                                        ; Balanced      ; --          ; --         ;
; PARTITION_COLOR                                   ; -- (Not supported for targeted family)                       ; --            ; --          ; Top        ;
; PARTITION_FITTER_PRESERVATION_LEVEL               ; -- (Not supported for targeted family)                       ; --            ; --          ; Top        ;
; PARTITION_NETLIST_TYPE                            ; -- (Not supported for targeted family)                       ; --            ; --          ; Top        ;
; PHYSICAL_SYNTHESIS_ASYNCHRONOUS_SIGNAL_PIPELINING ; On                                                           ; Off           ; --          ; --         ;
; PHYSICAL_SYNTHESIS_COMBO_LOGIC                    ; On                                                           ; Off           ; --          ; --         ;
; PHYSICAL_SYNTHESIS_REGISTER_DUPLICATION           ; On                                                           ; Off           ; --          ; --         ;
; PHYSICAL_SYNTHESIS_REGISTER_RETIMING              ; On                                                           ; Off           ; --          ; --         ;
; PLACEMENT_EFFORT_MULTIPLIER                       ; 4.0                                                          ; 1.0           ; --          ; --         ;
; POWER_BOARD_THERMAL_MODEL                         ; None (CONSERVATIVE)                                          ; --            ; --          ; --         ;
; POWER_PRESET_COOLING_SOLUTION                     ; 23 MM HEAT SINK WITH 200 LFPM AIRFLOW                        ; --            ; --          ; --         ;
; ROUTER_TIMING_OPTIMIZATION_LEVEL                  ; MAXIMUM                                                      ; Normal        ; --          ; --         ;
; SLD_FILE                                          ; audio_nios/synthesis/audio_nios.regmap                       ; --            ; --          ; --         ;
; SLD_FILE                                          ; audio_nios/synthesis/audio_nios.debuginfo                    ; --            ; --          ; --         ;
; SLD_INFO                                          ; QSYS_NAME audio_nios HAS_SOPCINFO 1 GENERATION_ID 1471402818 ; --            ; audio_nios  ; --         ;
; SOPCINFO_FILE                                     ; audio_nios/synthesis/../../audio_nios.sopcinfo               ; --            ; --          ; --         ;
; SYNTHESIS_ONLY_QIP                                ; On                                                           ; --            ; --          ; --         ;
+---------------------------------------------------+--------------------------------------------------------------+---------------+-------------+------------+


+-------------------------------------------------------------------------------------------------------------------------------+
; Flow Elapsed Time                                                                                                             ;
+---------------------------+--------------+-------------------------+---------------------+------------------------------------+
; Module Name               ; Elapsed Time ; Average Processors Used ; Peak Virtual Memory ; Total CPU Time (on all processors) ;
+---------------------------+--------------+-------------------------+---------------------+------------------------------------+
; Analysis & Synthesis      ; 00:02:04     ; 1.0                     ; 1002 MB             ; 00:02:45                           ;
; Fitter                    ; 00:08:06     ; 1.1                     ; 2696 MB             ; 00:12:26                           ;
; Assembler                 ; 00:00:22     ; 1.0                     ; 825 MB              ; 00:00:21                           ;
; TimeQuest Timing Analyzer ; 00:00:56     ; 1.5                     ; 1341 MB             ; 00:01:18                           ;
; Total                     ; 00:11:28     ; --                      ; --                  ; 00:16:50                           ;
+---------------------------+--------------+-------------------------+---------------------+------------------------------------+


+-----------------------------------------------------------------------------------------+
; Flow OS Summary                                                                         ;
+---------------------------+------------------+------------+------------+----------------+
; Module Name               ; Machine Hostname ; OS Name    ; OS Version ; Processor type ;
+---------------------------+------------------+------------+------------+----------------+
; Analysis & Synthesis      ; DESKTOP-F6GNDRI  ; Windows 10 ; 10.0       ; x86_64         ;
; Fitter                    ; DESKTOP-F6GNDRI  ; Windows 10 ; 10.0       ; x86_64         ;
; Assembler                 ; DESKTOP-F6GNDRI  ; Windows 10 ; 10.0       ; x86_64         ;
; TimeQuest Timing Analyzer ; DESKTOP-F6GNDRI  ; Windows 10 ; 10.0       ; x86_64         ;
+---------------------------+------------------+------------+------------+----------------+


------------
; Flow Log ;
------------
quartus_map --read_settings_files=on --write_settings_files=off DE1_SoC_Audio -c DE1_SoC_Audio
quartus_fit --read_settings_files=off --write_settings_files=off DE1_SoC_Audio -c DE1_SoC_Audio
quartus_asm --read_settings_files=off --write_settings_files=off DE1_SoC_Audio -c DE1_SoC_Audio
quartus_sta DE1_SoC_Audio -c DE1_SoC_Audio



